2025-01-24 13:40:41.696 [info] Experiment 'pythonRecommendTensorboardExt' is active
2025-01-24 13:40:41.696 [info] Experiment 'pythonTerminalEnvVarActivation' is active
2025-01-24 13:40:41.696 [info] Experiment 'pythonTestAdapter' is active
2025-01-24 13:40:41.696 [info] Starting Environment refresh
2025-01-24 13:40:41.696 [info] Searching for interpreters in posix paths locator
2025-01-24 13:40:41.696 [info] Searching for pyenv environments
2025-01-24 13:40:41.696 [info] Searching for conda environments
2025-01-24 13:40:41.696 [info] Searching for global virtual environments
2025-01-24 13:40:41.696 [info] Searching for custom virtual environments
2025-01-24 13:40:41.696 [info] pyenv is not installed
2025-01-24 13:40:41.696 [info] Finished searching for pyenv environments: 7 milliseconds
2025-01-24 13:40:41.696 [info] Finished searching for custom virtual envs: 7 milliseconds
2025-01-24 13:40:41.696 [info] > conda info --json
2025-01-24 13:40:41.696 [info] Finished searching for global virtual envs: 26 milliseconds
2025-01-24 13:40:41.783 [info] Found: /bin/python --> /bin/python3.13
2025-01-24 13:40:41.785 [info] Found: /bin/python3 --> /bin/python3.13
2025-01-24 13:40:41.786 [info] Found: /bin/python3.13 --> /bin/python3.13
2025-01-24 13:40:41.811 [info] Found: /sbin/python --> /sbin/python3.13
2025-01-24 13:40:41.811 [info] Found: /sbin/python3 --> /sbin/python3.13
2025-01-24 13:40:41.811 [info] Found: /sbin/python3.13 --> /sbin/python3.13
2025-01-24 13:40:41.817 [info] > /bin/python -I ~/.vscode/extensions/ms-python.python-2024.22.2-linux-x64/python_files/get_output_via_markers.py ~/.vscode/extensions/ms-python.python-2024.22.2-linux-x64/python_files/interpreterInfo.py
2025-01-24 13:40:41.823 [info] Found: /usr/bin/python --> /usr/bin/python3.13
2025-01-24 13:40:41.824 [info] Found: /usr/bin/python3 --> /usr/bin/python3.13
2025-01-24 13:40:41.871 [info] Found: /usr/bin/python3.13 --> /usr/bin/python3.13
2025-01-24 13:40:41.876 [info] Python interpreter path: /bin/python
2025-01-24 13:40:42.025 [info] Found: /usr/sbin/python --> /usr/sbin/python3.13
2025-01-24 13:40:42.027 [info] Found: /usr/sbin/python3 --> /usr/sbin/python3.13
2025-01-24 13:40:42.027 [info] Found: /usr/sbin/python3.13 --> /usr/sbin/python3.13
2025-01-24 13:40:42.040 [info] > /sbin/python -I ~/.vscode/extensions/ms-python.python-2024.22.2-linux-x64/python_files/get_output_via_markers.py ~/.vscode/extensions/ms-python.python-2024.22.2-linux-x64/python_files/interpreterInfo.py
2025-01-24 13:40:42.046 [info] Finished searching for interpreters in posix paths locator: 669 milliseconds
2025-01-24 13:40:42.046 [info] > /usr/bin/python -I ~/.vscode/extensions/ms-python.python-2024.22.2-linux-x64/python_files/get_output_via_markers.py ~/.vscode/extensions/ms-python.python-2024.22.2-linux-x64/python_files/interpreterInfo.py
2025-01-24 13:40:42.049 [info] Environments refresh paths discovered (event): 676 milliseconds
2025-01-24 13:40:42.049 [info] Environments refresh paths discovered: 676 milliseconds
2025-01-24 13:40:42.070 [info] > /usr/sbin/python -I ~/.vscode/extensions/ms-python.python-2024.22.2-linux-x64/python_files/get_output_via_markers.py ~/.vscode/extensions/ms-python.python-2024.22.2-linux-x64/python_files/interpreterInfo.py
2025-01-24 13:40:42.098 [info] Environments refresh finished (event): 725 milliseconds
2025-01-24 13:40:42.100 [info] Environment refresh took 728 milliseconds
2025-01-24 13:40:42.823 [info] Starting Pylance language server.
