2025-01-22 21:00:21.978 [info] Getting Manifest... vscjava.vscode-java-pack
2025-01-22 21:00:22.123 [info] Installing extension: vscjava.vscode-java-pack {"isMachineScoped":false,"profileLocation":{"$mid":1,"external":"vscode-userdata:/home/nk/.vscode/extensions/extensions.json","path":"/home/nk/.vscode/extensions/extensions.json","scheme":"vscode-userdata"},"installOnlyNewlyAddedFromExtensionPack":true,"isApplicationScoped":false,"productVersion":{"version":"1.96.4","date":"2025-01-16T00:16:19.038Z"}}
2025-01-22 21:00:23.888 [info] Getting Manifest... visualstudioexptteam.vscodeintellicode
2025-01-22 21:00:24.496 [info] Getting Manifest... visualstudioexptteam.intellicode-api-usage-examples
2025-01-22 21:00:24.547 [info] Getting Manifest... redhat.java
2025-01-22 21:00:24.731 [info] Getting Manifest... vscjava.vscode-java-debug
2025-01-22 21:00:24.792 [info] Getting Manifest... vscjava.vscode-maven
2025-01-22 21:00:24.844 [info] Getting Manifest... vscjava.vscode-java-test
2025-01-22 21:00:24.893 [info] Getting Manifest... vscjava.vscode-java-dependency
2025-01-22 21:00:24.954 [info] Getting Manifest... vscjava.vscode-gradle
2025-01-22 21:00:25.063 [info] Installing extension: visualstudioexptteam.vscodeintellicode {"isMachineScoped":false,"profileLocation":{"$mid":1,"external":"vscode-userdata:/home/nk/.vscode/extensions/extensions.json","path":"/home/nk/.vscode/extensions/extensions.json","scheme":"vscode-userdata"},"installOnlyNewlyAddedFromExtensionPack":true,"isApplicationScoped":false,"productVersion":{"version":"1.96.4","date":"2025-01-16T00:16:19.038Z"},"context":{"dependecyOrPackExtensionInstall":true}}
2025-01-22 21:00:25.063 [info] Installing extension: visualstudioexptteam.intellicode-api-usage-examples {"isMachineScoped":false,"profileLocation":{"$mid":1,"external":"vscode-userdata:/home/nk/.vscode/extensions/extensions.json","path":"/home/nk/.vscode/extensions/extensions.json","scheme":"vscode-userdata"},"installOnlyNewlyAddedFromExtensionPack":true,"isApplicationScoped":false,"productVersion":{"version":"1.96.4","date":"2025-01-16T00:16:19.038Z"},"context":{"dependecyOrPackExtensionInstall":true}}
2025-01-22 21:00:25.063 [info] Installing extension: redhat.java {"isMachineScoped":false,"profileLocation":{"$mid":1,"external":"vscode-userdata:/home/nk/.vscode/extensions/extensions.json","path":"/home/nk/.vscode/extensions/extensions.json","scheme":"vscode-userdata"},"installOnlyNewlyAddedFromExtensionPack":true,"isApplicationScoped":false,"productVersion":{"version":"1.96.4","date":"2025-01-16T00:16:19.038Z"},"context":{"dependecyOrPackExtensionInstall":true}}
2025-01-22 21:00:25.063 [info] Installing extension: vscjava.vscode-java-debug {"isMachineScoped":false,"profileLocation":{"$mid":1,"external":"vscode-userdata:/home/nk/.vscode/extensions/extensions.json","path":"/home/nk/.vscode/extensions/extensions.json","scheme":"vscode-userdata"},"installOnlyNewlyAddedFromExtensionPack":true,"isApplicationScoped":false,"productVersion":{"version":"1.96.4","date":"2025-01-16T00:16:19.038Z"},"context":{"dependecyOrPackExtensionInstall":true}}
2025-01-22 21:00:25.063 [info] Installing extension: vscjava.vscode-maven {"isMachineScoped":false,"profileLocation":{"$mid":1,"external":"vscode-userdata:/home/nk/.vscode/extensions/extensions.json","path":"/home/nk/.vscode/extensions/extensions.json","scheme":"vscode-userdata"},"installOnlyNewlyAddedFromExtensionPack":true,"isApplicationScoped":false,"productVersion":{"version":"1.96.4","date":"2025-01-16T00:16:19.038Z"},"context":{"dependecyOrPackExtensionInstall":true}}
2025-01-22 21:00:25.063 [info] Installing extension: vscjava.vscode-java-test {"isMachineScoped":false,"profileLocation":{"$mid":1,"external":"vscode-userdata:/home/nk/.vscode/extensions/extensions.json","path":"/home/nk/.vscode/extensions/extensions.json","scheme":"vscode-userdata"},"installOnlyNewlyAddedFromExtensionPack":true,"isApplicationScoped":false,"productVersion":{"version":"1.96.4","date":"2025-01-16T00:16:19.038Z"},"context":{"dependecyOrPackExtensionInstall":true}}
2025-01-22 21:00:25.063 [info] Installing extension: vscjava.vscode-java-dependency {"isMachineScoped":false,"profileLocation":{"$mid":1,"external":"vscode-userdata:/home/nk/.vscode/extensions/extensions.json","path":"/home/nk/.vscode/extensions/extensions.json","scheme":"vscode-userdata"},"installOnlyNewlyAddedFromExtensionPack":true,"isApplicationScoped":false,"productVersion":{"version":"1.96.4","date":"2025-01-16T00:16:19.038Z"},"context":{"dependecyOrPackExtensionInstall":true}}
2025-01-22 21:00:25.063 [info] Installing extension: vscjava.vscode-gradle {"isMachineScoped":false,"profileLocation":{"$mid":1,"external":"vscode-userdata:/home/nk/.vscode/extensions/extensions.json","path":"/home/nk/.vscode/extensions/extensions.json","scheme":"vscode-userdata"},"installOnlyNewlyAddedFromExtensionPack":true,"isApplicationScoped":false,"productVersion":{"version":"1.96.4","date":"2025-01-16T00:16:19.038Z"},"context":{"dependecyOrPackExtensionInstall":true}}
2025-01-22 21:00:26.296 [info] Extension signature verification result for visualstudioexptteam.intellicode-api-usage-examples: UnknownError. Executed: true. Duration: 16ms.
2025-01-22 21:00:26.309 [info] Extension signature verification result for vscjava.vscode-java-dependency: UnknownError. Executed: true. Duration: 7ms.
2025-01-22 21:00:26.351 [info] Extracted extension to file:///home/nk/.vscode/extensions/vscjava.vscode-java-dependency-0.24.1: vscjava.vscode-java-dependency
2025-01-22 21:00:26.356 [info] Renamed to /home/nk/.vscode/extensions/vscjava.vscode-java-dependency-0.24.1
2025-01-22 21:00:26.442 [error] [uncaught exception in sharedProcess]: Error: ENOENT: no such file or directory, stat '/home/nk/.vscode/extensions/extensions.json.vsctmp': EntryNotFound (FileSystemError): Error: ENOENT: no such file or directory, stat '/home/nk/.vscode/extensions/extensions.json.vsctmp'
    at Gm.create (file:///opt/visual-studio-code/resources/app/out/vs/code/electron-utility/sharedProcess/sharedProcessMain.js:35:39624)
    at xs (file:///opt/visual-studio-code/resources/app/out/vs/code/electron-utility/sharedProcess/sharedProcessMain.js:35:39731)
    at Vr.ib (file:///opt/visual-studio-code/resources/app/out/vs/code/electron-utility/sharedProcess/sharedProcessMain.js:78:22778)
    at Vr.stat (file:///opt/visual-studio-code/resources/app/out/vs/code/electron-utility/sharedProcess/sharedProcessMain.js:78:16010)
    at async wh.stat (file:///opt/visual-studio-code/resources/app/out/vs/code/electron-utility/sharedProcess/sharedProcessMain.js:77:85488)
    at async fh.Ab (file:///opt/visual-studio-code/resources/app/out/vs/code/electron-utility/sharedProcess/sharedProcessMain.js:77:67180)
2025-01-22 21:00:26.448 [info] Extracted extension to file:///home/nk/.vscode/extensions/visualstudioexptteam.intellicode-api-usage-examples-0.2.9: visualstudioexptteam.intellicode-api-usage-examples
2025-01-22 21:00:26.455 [info] Renamed to /home/nk/.vscode/extensions/visualstudioexptteam.intellicode-api-usage-examples-0.2.9
2025-01-22 21:00:27.680 [info] Extension signature verification result for vscjava.vscode-java-pack: UnknownError. Executed: true. Duration: 8ms.
2025-01-22 21:00:27.681 [info] Extension signature verification result for vscjava.vscode-java-test: UnknownError. Executed: true. Duration: 4ms.
2025-01-22 21:00:27.740 [info] Extracted extension to file:///home/nk/.vscode/extensions/vscjava.vscode-java-test-0.43.0: vscjava.vscode-java-test
2025-01-22 21:00:27.745 [info] Renamed to /home/nk/.vscode/extensions/vscjava.vscode-java-test-0.43.0
2025-01-22 21:00:27.775 [info] Extracted extension to file:///home/nk/.vscode/extensions/vscjava.vscode-java-pack-0.29.0: vscjava.vscode-java-pack
2025-01-22 21:00:27.780 [info] Renamed to /home/nk/.vscode/extensions/vscjava.vscode-java-pack-0.29.0
2025-01-22 21:00:27.795 [info] Extension signature verification result for vscjava.vscode-java-debug: UnknownError. Executed: true. Duration: 6ms.
2025-01-22 21:00:27.827 [info] Extracted extension to file:///home/nk/.vscode/extensions/vscjava.vscode-java-debug-0.58.1: vscjava.vscode-java-debug
2025-01-22 21:00:27.829 [error] [uncaught exception in sharedProcess]: Error: ENOENT: no such file or directory, stat '/home/nk/.vscode/extensions/extensions.json.vsctmp': EntryNotFound (FileSystemError): Error: ENOENT: no such file or directory, stat '/home/nk/.vscode/extensions/extensions.json.vsctmp'
    at Gm.create (file:///opt/visual-studio-code/resources/app/out/vs/code/electron-utility/sharedProcess/sharedProcessMain.js:35:39624)
    at xs (file:///opt/visual-studio-code/resources/app/out/vs/code/electron-utility/sharedProcess/sharedProcessMain.js:35:39731)
    at Vr.ib (file:///opt/visual-studio-code/resources/app/out/vs/code/electron-utility/sharedProcess/sharedProcessMain.js:78:22778)
    at Vr.stat (file:///opt/visual-studio-code/resources/app/out/vs/code/electron-utility/sharedProcess/sharedProcessMain.js:78:16010)
    at async wh.stat (file:///opt/visual-studio-code/resources/app/out/vs/code/electron-utility/sharedProcess/sharedProcessMain.js:77:85488)
    at async fh.Ab (file:///opt/visual-studio-code/resources/app/out/vs/code/electron-utility/sharedProcess/sharedProcessMain.js:77:67180)
2025-01-22 21:00:27.831 [info] Renamed to /home/nk/.vscode/extensions/vscjava.vscode-java-debug-0.58.1
2025-01-22 21:00:29.147 [info] Extension signature verification result for vscjava.vscode-maven: UnknownError. Executed: true. Duration: 6ms.
2025-01-22 21:00:29.279 [info] Extracted extension to file:///home/nk/.vscode/extensions/vscjava.vscode-maven-0.44.0: vscjava.vscode-maven
2025-01-22 21:00:29.287 [info] Renamed to /home/nk/.vscode/extensions/vscjava.vscode-maven-0.44.0
2025-01-22 21:00:29.328 [error] [uncaught exception in sharedProcess]: Error: ENOENT: no such file or directory, stat '/home/nk/.vscode/extensions/extensions.json.vsctmp': EntryNotFound (FileSystemError): Error: ENOENT: no such file or directory, stat '/home/nk/.vscode/extensions/extensions.json.vsctmp'
    at Gm.create (file:///opt/visual-studio-code/resources/app/out/vs/code/electron-utility/sharedProcess/sharedProcessMain.js:35:39624)
    at xs (file:///opt/visual-studio-code/resources/app/out/vs/code/electron-utility/sharedProcess/sharedProcessMain.js:35:39731)
    at Vr.ib (file:///opt/visual-studio-code/resources/app/out/vs/code/electron-utility/sharedProcess/sharedProcessMain.js:78:22778)
    at Vr.stat (file:///opt/visual-studio-code/resources/app/out/vs/code/electron-utility/sharedProcess/sharedProcessMain.js:78:16010)
    at async wh.stat (file:///opt/visual-studio-code/resources/app/out/vs/code/electron-utility/sharedProcess/sharedProcessMain.js:77:85488)
    at async fh.Ab (file:///opt/visual-studio-code/resources/app/out/vs/code/electron-utility/sharedProcess/sharedProcessMain.js:77:67180)
2025-01-22 21:00:40.411 [info] Extension signature verification result for vscjava.vscode-gradle: UnknownError. Executed: true. Duration: 15ms.
2025-01-22 21:00:40.812 [info] Extracted extension to file:///home/nk/.vscode/extensions/vscjava.vscode-gradle-3.16.4: vscjava.vscode-gradle
2025-01-22 21:00:40.816 [info] Renamed to /home/nk/.vscode/extensions/vscjava.vscode-gradle-3.16.4
2025-01-22 21:00:40.852 [info] Extension signature verification result for visualstudioexptteam.vscodeintellicode: UnknownError. Executed: true. Duration: 7ms.
2025-01-22 21:00:40.896 [error] [uncaught exception in sharedProcess]: Error: ENOENT: no such file or directory, stat '/home/nk/.vscode/extensions/extensions.json.vsctmp': EntryNotFound (FileSystemError): Error: ENOENT: no such file or directory, stat '/home/nk/.vscode/extensions/extensions.json.vsctmp'
    at Gm.create (file:///opt/visual-studio-code/resources/app/out/vs/code/electron-utility/sharedProcess/sharedProcessMain.js:35:39624)
    at xs (file:///opt/visual-studio-code/resources/app/out/vs/code/electron-utility/sharedProcess/sharedProcessMain.js:35:39731)
    at Vr.ib (file:///opt/visual-studio-code/resources/app/out/vs/code/electron-utility/sharedProcess/sharedProcessMain.js:78:22778)
    at Vr.stat (file:///opt/visual-studio-code/resources/app/out/vs/code/electron-utility/sharedProcess/sharedProcessMain.js:78:16010)
    at async wh.stat (file:///opt/visual-studio-code/resources/app/out/vs/code/electron-utility/sharedProcess/sharedProcessMain.js:77:85488)
    at async fh.Ab (file:///opt/visual-studio-code/resources/app/out/vs/code/electron-utility/sharedProcess/sharedProcessMain.js:77:67180)
2025-01-22 21:00:41.166 [info] Extracted extension to file:///home/nk/.vscode/extensions/visualstudioexptteam.vscodeintellicode-1.3.2: visualstudioexptteam.vscodeintellicode
2025-01-22 21:00:41.174 [info] Renamed to /home/nk/.vscode/extensions/visualstudioexptteam.vscodeintellicode-1.3.2
2025-01-22 21:00:41.254 [error] [uncaught exception in sharedProcess]: Error: ENOENT: no such file or directory, stat '/home/nk/.vscode/extensions/extensions.json.vsctmp': EntryNotFound (FileSystemError): Error: ENOENT: no such file or directory, stat '/home/nk/.vscode/extensions/extensions.json.vsctmp'
    at Gm.create (file:///opt/visual-studio-code/resources/app/out/vs/code/electron-utility/sharedProcess/sharedProcessMain.js:35:39624)
    at xs (file:///opt/visual-studio-code/resources/app/out/vs/code/electron-utility/sharedProcess/sharedProcessMain.js:35:39731)
    at Vr.ib (file:///opt/visual-studio-code/resources/app/out/vs/code/electron-utility/sharedProcess/sharedProcessMain.js:78:22778)
    at Vr.stat (file:///opt/visual-studio-code/resources/app/out/vs/code/electron-utility/sharedProcess/sharedProcessMain.js:78:16010)
    at async wh.stat (file:///opt/visual-studio-code/resources/app/out/vs/code/electron-utility/sharedProcess/sharedProcessMain.js:77:85488)
    at async fh.Ab (file:///opt/visual-studio-code/resources/app/out/vs/code/electron-utility/sharedProcess/sharedProcessMain.js:77:67180)
2025-01-22 21:00:44.950 [info] Extension signature verification result for redhat.java: UnknownError. Executed: true. Duration: 7ms.
2025-01-22 21:00:46.255 [info] Extracted extension to file:///home/nk/.vscode/extensions/redhat.java-1.39.0-linux-x64: redhat.java
2025-01-22 21:00:46.274 [info] Renamed to /home/nk/.vscode/extensions/redhat.java-1.39.0-linux-x64
2025-01-22 21:00:46.291 [info] Extension installed successfully: vscjava.vscode-java-dependency vscode-userdata:/home/nk/.vscode/extensions/extensions.json
2025-01-22 21:00:46.291 [info] Extension installed successfully: visualstudioexptteam.intellicode-api-usage-examples vscode-userdata:/home/nk/.vscode/extensions/extensions.json
2025-01-22 21:00:46.291 [info] Extension installed successfully: vscjava.vscode-java-test vscode-userdata:/home/nk/.vscode/extensions/extensions.json
2025-01-22 21:00:46.291 [info] Extension installed successfully: vscjava.vscode-java-pack vscode-userdata:/home/nk/.vscode/extensions/extensions.json
2025-01-22 21:00:46.292 [info] Extension installed successfully: vscjava.vscode-java-debug vscode-userdata:/home/nk/.vscode/extensions/extensions.json
2025-01-22 21:00:46.292 [info] Extension installed successfully: vscjava.vscode-maven vscode-userdata:/home/nk/.vscode/extensions/extensions.json
2025-01-22 21:00:46.292 [info] Extension installed successfully: vscjava.vscode-gradle vscode-userdata:/home/nk/.vscode/extensions/extensions.json
2025-01-22 21:00:46.292 [info] Extension installed successfully: visualstudioexptteam.vscodeintellicode vscode-userdata:/home/nk/.vscode/extensions/extensions.json
2025-01-22 21:00:46.292 [info] Extension installed successfully: redhat.java vscode-userdata:/home/nk/.vscode/extensions/extensions.json
2025-01-22 21:00:46.355 [error] [uncaught exception in sharedProcess]: Error: ENOENT: no such file or directory, stat '/home/nk/.vscode/extensions/extensions.json.vsctmp': EntryNotFound (FileSystemError): Error: ENOENT: no such file or directory, stat '/home/nk/.vscode/extensions/extensions.json.vsctmp'
    at Gm.create (file:///opt/visual-studio-code/resources/app/out/vs/code/electron-utility/sharedProcess/sharedProcessMain.js:35:39624)
    at xs (file:///opt/visual-studio-code/resources/app/out/vs/code/electron-utility/sharedProcess/sharedProcessMain.js:35:39731)
    at Vr.ib (file:///opt/visual-studio-code/resources/app/out/vs/code/electron-utility/sharedProcess/sharedProcessMain.js:78:22778)
    at Vr.stat (file:///opt/visual-studio-code/resources/app/out/vs/code/electron-utility/sharedProcess/sharedProcessMain.js:78:16010)
    at async wh.stat (file:///opt/visual-studio-code/resources/app/out/vs/code/electron-utility/sharedProcess/sharedProcessMain.js:77:85488)
    at async fh.Ab (file:///opt/visual-studio-code/resources/app/out/vs/code/electron-utility/sharedProcess/sharedProcessMain.js:77:67180)
