2025-01-24 12:31:13.375 [info] Added views:outline in workbench.view.explorer
2025-01-24 12:31:13.375 [info] Added views:workbench.view.search in workbench.view.search
2025-01-24 12:31:13.375 [info] Added views:workbench.scm in workbench.view.scm
2025-01-24 12:31:13.375 [info] Added views:workbench.panel.markers.view in workbench.panel.markers
2025-01-24 12:31:13.375 [info] Added views:workbench.panel.output in workbench.panel.output
2025-01-24 12:31:13.375 [info] Added views:terminal in terminal
2025-01-24 12:31:13.375 [info] Added views:timeline in workbench.view.explorer
2025-01-24 12:31:13.375 [info] Added views:workbench.explorer.emptyView in workbench.view.explorer
2025-01-24 12:31:13.524 [info] Added views:workbench.debug.variablesView,workbench.debug.watchExpressionsView,workbench.debug.callStackView,workbench.debug.breakPointsView in workbench.view.debug
2025-01-24 12:31:13.730 [info] Added views:mavenProjects in workbench.view.explorer
2025-01-24 12:31:13.977 [info] Added views:workbench.panel.repl.view in workbench.panel.repl
2025-01-24 12:31:13.977 [info] Removed views:workbench.debug.breakPointsView,workbench.debug.callStackView,workbench.debug.watchExpressionsView,workbench.debug.variablesView from workbench.view.debug
2025-01-24 12:31:13.978 [info] Added views:workbench.debug.welcome in workbench.view.debug
2025-01-24 12:31:14.176 [info] Added views:~remote.forwardedPorts in ~remote.forwardedPortsContainer
2025-01-24 12:31:27.605 [info] Added views:workbench.views.extensions.installed,workbench.views.extensions.popular,extensions.recommendedList in workbench.view.extensions
2025-01-24 12:31:27.606 [info] Removed views:workbench.views.extensions.popular from workbench.view.extensions
2025-01-24 12:31:28.167 [info] Removed views:extensions.recommendedList,workbench.views.extensions.installed from workbench.view.extensions
2025-01-24 12:31:28.171 [info] Added views:workbench.views.extensions.marketplace in workbench.view.extensions
2025-01-24 12:33:37.774 [info] Added views:workbench.view.testing in workbench.view.extension.test
2025-01-24 12:50:38.110 [info] Removed views:workbench.view.testing from workbench.view.extension.test
