2025-01-23 16:25:30.307 [info] [main] Log level: Info
2025-01-23 16:25:30.307 [info] [main] Validating found git in: "git"
2025-01-23 16:25:30.307 [info] [main] Using git "2.47.1" from "git"
2025-01-23 16:25:30.307 [info] [Model][doInitialScan] Initial repository scan started
2025-01-23 16:25:30.307 [info] > git rev-parse --show-toplevel [3ms]
2025-01-23 16:25:30.307 [info] > git rev-parse --git-dir --git-common-dir [16ms]
2025-01-23 16:25:30.307 [info] [Model][openRepository] Opened repository: /home/nk/Documents/cryptera
2025-01-23 16:25:30.308 [info] > git config --get commit.template [2ms]
2025-01-23 16:25:30.334 [info] > git rev-parse --show-toplevel [11ms]
2025-01-23 16:25:30.338 [info] > git for-each-ref --format=%(refname)%00%(upstream:short)%00%(objectname)%00%(upstream:track)%00%(upstream:remotename)%00%(upstream:remoteref) refs/heads/main refs/remotes/main [4ms]
2025-01-23 16:25:30.340 [warning] [Git][revParse] Unable to read file: ENOENT: no such file or directory, open '/home/nk/Documents/cryptera/.git/refs/remotes/origin/main'
2025-01-23 16:25:30.341 [info] > git rev-parse --show-toplevel [4ms]
2025-01-23 16:25:30.344 [info] > git rev-parse refs/remotes/origin/main [4ms]
2025-01-23 16:25:30.351 [info] > git rev-parse --show-toplevel [7ms]
2025-01-23 16:25:30.357 [info] > git for-each-ref --sort -committerdate --format %(refname) %(objectname) %(*objectname) [7ms]
2025-01-23 16:25:30.358 [info] > git rev-parse --show-toplevel [4ms]
2025-01-23 16:25:30.363 [info] > git rev-parse --show-toplevel [1ms]
2025-01-23 16:25:30.367 [info] > git rev-parse --show-toplevel [1ms]
2025-01-23 16:25:30.369 [info] [Model][doInitialScan] Initial repository scan completed - repositories (1), closed repositories (0), parent repositories (0), unsafe repositories (0)
2025-01-23 16:25:30.455 [info] > git status -z -uall [108ms]
2025-01-23 16:25:30.466 [info] > git for-each-ref --format=%(refname)%00%(upstream:short)%00%(objectname)%00%(upstream:track)%00%(upstream:remotename)%00%(upstream:remoteref) refs/heads/main refs/remotes/main [5ms]
2025-01-23 16:25:30.470 [info] > git config --get commit.template [3ms]
2025-01-23 16:25:30.470 [info] > git config --local branch.main.vscode-merge-base [1ms]
2025-01-23 16:25:30.470 [warning] [Git][config] git config failed: Failed to execute git
2025-01-23 16:25:30.476 [info] > git reflog main --grep-reflog=branch: Created from *. [4ms]
2025-01-23 16:25:30.478 [info] > git for-each-ref --format=%(refname)%00%(upstream:short)%00%(objectname)%00%(upstream:track)%00%(upstream:remotename)%00%(upstream:remoteref) refs/heads/main refs/remotes/main [3ms]
2025-01-23 16:25:30.481 [warning] [Git][revParse] Unable to read file: ENOENT: no such file or directory, open '/home/nk/Documents/cryptera/.git/refs/remotes/origin/main'
2025-01-23 16:25:30.481 [info] > git symbolic-ref --short refs/remotes/origin/HEAD [3ms]
2025-01-23 16:25:30.484 [info] > git rev-parse refs/remotes/origin/main [3ms]
2025-01-23 16:25:30.489 [info] > git for-each-ref --format=%(refname)%00%(upstream:short)%00%(objectname)%00%(upstream:track)%00%(upstream:remotename)%00%(upstream:remoteref) refs/heads/origin/main refs/remotes/origin/main [6ms]
2025-01-23 16:25:30.492 [info] > git for-each-ref --sort -committerdate --format %(refname) %(objectname) %(*objectname) [3ms]
2025-01-23 16:25:30.492 [info] > git config --local branch.main.vscode-merge-base origin/main [1ms]
2025-01-23 16:25:30.499 [info] > git status -z -uall [13ms] (cancelled)
2025-01-23 16:25:30.499 [info] > git for-each-ref --format=%(refname)%00%(upstream:short)%00%(objectname)%00%(upstream:track)%00%(upstream:remotename)%00%(upstream:remoteref) refs/heads/main refs/remotes/main [4ms]
2025-01-23 16:25:30.502 [info] > git config --get commit.template [4ms]
2025-01-23 16:25:30.504 [info] > git config --local branch.main.vscode-merge-base [2ms]
2025-01-23 16:25:30.507 [info] > git for-each-ref --format=%(refname)%00%(upstream:short)%00%(objectname)%00%(upstream:track)%00%(upstream:remotename)%00%(upstream:remoteref) refs/heads/main refs/remotes/main [3ms]
2025-01-23 16:25:30.510 [warning] [Git][revParse] Unable to read file: ENOENT: no such file or directory, open '/home/nk/Documents/cryptera/.git/refs/remotes/origin/main'
2025-01-23 16:25:30.510 [info] > git for-each-ref --format=%(refname)%00%(upstream:short)%00%(objectname)%00%(upstream:track)%00%(upstream:remotename)%00%(upstream:remoteref) refs/heads/origin/main refs/remotes/origin/main [3ms]
2025-01-23 16:25:30.519 [info] > git merge-base refs/heads/main refs/remotes/origin/main [6ms]
2025-01-23 16:25:30.522 [info] > git rev-parse refs/remotes/origin/main [12ms]
2025-01-23 16:25:30.527 [info] > git diff --name-status -z --diff-filter=ADMR 9fa1a9c63a4aac3a2c4cf36e68e211e05c9a19e6...refs/remotes/origin/main [5ms]
2025-01-23 16:25:30.528 [info] > git for-each-ref --sort -committerdate --format %(refname) %(objectname) %(*objectname) [1ms]
2025-01-23 16:25:30.628 [info] > git status -z -uall [104ms]
2025-01-23 16:25:30.813 [info] > git check-ignore -v -z --stdin [1ms]
2025-01-23 16:34:53.721 [info] > git check-ignore -v -z --stdin [1ms]
2025-01-23 16:37:15.986 [info] > git config --get commit.template [2ms]
2025-01-23 16:37:15.992 [info] > git for-each-ref --format=%(refname)%00%(upstream:short)%00%(objectname)%00%(upstream:track)%00%(upstream:remotename)%00%(upstream:remoteref) refs/heads/main refs/remotes/main [1ms]
2025-01-23 16:37:15.998 [warning] [Git][revParse] Unable to read file: ENOENT: no such file or directory, open '/home/nk/Documents/cryptera/.git/refs/remotes/origin/main'
2025-01-23 16:37:15.999 [info] > git rev-parse refs/remotes/origin/main [1ms]
2025-01-23 16:37:16.008 [info] > git for-each-ref --sort -committerdate --format %(refname) %(objectname) %(*objectname) [1ms]
2025-01-23 16:37:16.104 [info] > git status -z -uall [101ms]
2025-01-23 16:37:29.324 [info] > git check-ignore -v -z --stdin [2ms]
2025-01-23 16:37:32.260 [info] > git check-ignore -v -z --stdin [1ms]
2025-01-23 16:37:34.908 [info] > git show --textconv :src/App.css [6ms]
2025-01-23 16:37:34.909 [info] > git ls-files --stage -- /home/nk/Documents/cryptera/src/App.css [1ms]
2025-01-23 16:37:34.914 [info] > git cat-file -s 2f7283e0cf72eea610d7aa14d9e8833902f103e8 [2ms]
2025-01-23 16:37:35.995 [info] > git show --textconv :src/App.js [11ms]
2025-01-23 16:37:35.999 [info] > git ls-files --stage -- /home/nk/Documents/cryptera/src/App.js [6ms]
2025-01-23 16:37:36.008 [info] > git cat-file -s 957917fe9fc8aad72b14017eb256e8b389e9d890 [3ms]
2025-01-23 16:38:49.435 [info] > git check-ignore -v -z --stdin [1ms]
2025-01-23 16:39:14.233 [info] > git config --get commit.template [9ms]
2025-01-23 16:39:14.233 [info] > git for-each-ref --format=%(refname)%00%(upstream:short)%00%(objectname)%00%(upstream:track)%00%(upstream:remotename)%00%(upstream:remoteref) refs/heads/main refs/remotes/main [1ms]
2025-01-23 16:39:14.242 [warning] [Git][revParse] Unable to read file: ENOENT: no such file or directory, open '/home/nk/Documents/cryptera/.git/refs/remotes/origin/main'
2025-01-23 16:39:14.243 [info] > git rev-parse refs/remotes/origin/main [2ms]
2025-01-23 16:39:14.254 [info] > git for-each-ref --sort -committerdate --format %(refname) %(objectname) %(*objectname) [1ms]
2025-01-23 16:39:14.352 [info] > git status -z -uall [103ms]
2025-01-23 16:39:19.374 [info] > git config --get commit.template [6ms]
2025-01-23 16:39:19.374 [info] > git for-each-ref --format=%(refname)%00%(upstream:short)%00%(objectname)%00%(upstream:track)%00%(upstream:remotename)%00%(upstream:remoteref) refs/heads/main refs/remotes/main [1ms]
2025-01-23 16:39:19.380 [warning] [Git][revParse] Unable to read file: ENOENT: no such file or directory, open '/home/nk/Documents/cryptera/.git/refs/remotes/origin/main'
2025-01-23 16:39:19.381 [info] > git rev-parse refs/remotes/origin/main [1ms]
2025-01-23 16:39:19.391 [info] > git for-each-ref --sort -committerdate --format %(refname) %(objectname) %(*objectname) [1ms]
2025-01-23 16:39:19.497 [info] > git status -z -uall [111ms]
2025-01-23 16:47:12.548 [info] > git config --get commit.template [8ms]
2025-01-23 16:47:12.548 [info] > git for-each-ref --format=%(refname)%00%(upstream:short)%00%(objectname)%00%(upstream:track)%00%(upstream:remotename)%00%(upstream:remoteref) refs/heads/viteTest refs/remotes/viteTest [2ms]
2025-01-23 16:47:12.561 [info] > git status -z -uall [7ms]
2025-01-23 16:47:12.568 [info] > git for-each-ref --sort -committerdate --format %(refname) %(objectname) %(*objectname) [9ms]
2025-01-23 16:47:12.576 [info] > git ls-files --stage -- /home/nk/Documents/cryptera/src/App.js [9ms]
2025-01-23 16:47:12.581 [info] > git for-each-ref --format=%(refname)%00%(upstream:short)%00%(objectname)%00%(upstream:track)%00%(upstream:remotename)%00%(upstream:remoteref) refs/heads/viteTest refs/remotes/viteTest [6ms]
2025-01-23 16:47:12.587 [info] > git cat-file -s 957917fe9fc8aad72b14017eb256e8b389e9d890 [7ms]
2025-01-23 16:47:12.588 [info] > git config --local branch.viteTest.vscode-merge-base [1ms]
2025-01-23 16:47:12.588 [warning] [Git][config] git config failed: Failed to execute git
2025-01-23 16:47:12.596 [info] > git reflog viteTest --grep-reflog=branch: Created from *. [4ms]
2025-01-23 16:47:12.600 [info] > git show --textconv :src/App.js [5ms]
2025-01-23 16:47:12.600 [info] > git for-each-ref --format=%(refname)%00%(upstream:short)%00%(objectname)%00%(upstream:track)%00%(upstream:remotename)%00%(upstream:remoteref) refs/heads/main refs/remotes/main [1ms]
2025-01-23 16:47:12.605 [info] > git for-each-ref --format=%(refname)%00%(upstream:short)%00%(objectname)%00%(upstream:track)%00%(upstream:remotename)%00%(upstream:remoteref) refs/remotes/origin/main [2ms]
2025-01-23 16:47:12.609 [info] > git config --local branch.viteTest.vscode-merge-base origin/main [1ms]
2025-01-23 16:47:12.616 [info] > git config --get commit.template [4ms]
2025-01-23 16:47:12.617 [info] > git for-each-ref --format=%(refname)%00%(upstream:short)%00%(objectname)%00%(upstream:track)%00%(upstream:remotename)%00%(upstream:remoteref) refs/heads/viteTest refs/remotes/viteTest [1ms]
2025-01-23 16:47:12.624 [info] > git status -z -uall [4ms]
2025-01-23 16:47:12.625 [info] > git for-each-ref --sort -committerdate --format %(refname) %(objectname) %(*objectname) [1ms]
2025-01-23 16:47:12.630 [info] > git for-each-ref --format=%(refname)%00%(upstream:short)%00%(objectname)%00%(upstream:track)%00%(upstream:remotename)%00%(upstream:remoteref) refs/heads/viteTest refs/remotes/viteTest [2ms]
2025-01-23 16:47:12.634 [info] > git config --local branch.viteTest.vscode-merge-base [1ms]
2025-01-23 16:47:12.638 [info] > git for-each-ref --format=%(refname)%00%(upstream:short)%00%(objectname)%00%(upstream:track)%00%(upstream:remotename)%00%(upstream:remoteref) refs/heads/origin/main refs/remotes/origin/main [1ms]
2025-01-23 16:47:13.793 [info] > git ls-files --stage -- /home/nk/Documents/cryptera/src/App.js [1ms]
2025-01-23 16:47:13.798 [info] > git cat-file -s 957917fe9fc8aad72b14017eb256e8b389e9d890 [1ms]
2025-01-23 16:47:13.803 [info] > git show --textconv :src/App.js [1ms]
2025-01-23 16:47:17.591 [info] > git config --get commit.template [5ms]
2025-01-23 16:47:17.591 [info] > git for-each-ref --format=%(refname)%00%(upstream:short)%00%(objectname)%00%(upstream:track)%00%(upstream:remotename)%00%(upstream:remoteref) refs/heads/viteTest refs/remotes/viteTest [1ms]
2025-01-23 16:47:17.602 [info] > git status -z -uall [6ms]
2025-01-23 16:47:17.603 [info] > git for-each-ref --sort -committerdate --format %(refname) %(objectname) %(*objectname) [2ms]
2025-01-23 16:48:19.158 [info] > git config --get commit.template [4ms]
2025-01-23 16:48:19.159 [info] > git for-each-ref --format=%(refname)%00%(upstream:short)%00%(objectname)%00%(upstream:track)%00%(upstream:remotename)%00%(upstream:remoteref) refs/heads/viteTest refs/remotes/viteTest [1ms]
2025-01-23 16:48:19.166 [info] > git status -z -uall [4ms]
2025-01-23 16:48:19.167 [info] > git for-each-ref --sort -committerdate --format %(refname) %(objectname) %(*objectname) [1ms]
2025-01-23 16:48:42.940 [info] > git show --textconv :package.json [5ms]
2025-01-23 16:48:42.941 [info] > git ls-files --stage -- /home/nk/Documents/cryptera/package.json [1ms]
2025-01-23 16:48:42.946 [info] > git cat-file -s ee2e39d5f727b952feec4aaface79f3bbe9db82c [1ms]
2025-01-23 16:48:59.165 [info] > git show --textconv :package-lock.json [13ms]
2025-01-23 16:48:59.165 [info] > git ls-files --stage -- /home/nk/Documents/cryptera/package-lock.json [6ms]
2025-01-23 16:48:59.174 [info] > git cat-file -s dbe1ba6d6da5c656e87330759bc53cd79e3ab85c [3ms]
2025-01-23 16:49:15.502 [info] > git blame --root --incremental 9fa1a9c63a4aac3a2c4cf36e68e211e05c9a19e6 -- /home/nk/Documents/cryptera/package-lock.json [37ms]
2025-01-23 16:54:37.906 [info] > git config --get commit.template [4ms]
2025-01-23 16:54:37.906 [info] > git for-each-ref --format=%(refname)%00%(upstream:short)%00%(objectname)%00%(upstream:track)%00%(upstream:remotename)%00%(upstream:remoteref) refs/heads/viteTest refs/remotes/viteTest [1ms]
2025-01-23 16:54:37.917 [info] > git status -z -uall [5ms]
2025-01-23 16:54:37.917 [info] > git for-each-ref --sort -committerdate --format %(refname) %(objectname) %(*objectname) [1ms]
2025-01-23 16:54:38.973 [info] > git config --get commit.template [2ms]
2025-01-23 16:54:38.978 [info] > git for-each-ref --format=%(refname)%00%(upstream:short)%00%(objectname)%00%(upstream:track)%00%(upstream:remotename)%00%(upstream:remoteref) refs/heads/viteTest refs/remotes/viteTest [1ms]
2025-01-23 16:54:38.988 [info] > git status -z -uall [4ms]
2025-01-23 16:54:38.989 [info] > git for-each-ref --sort -committerdate --format %(refname) %(objectname) %(*objectname) [1ms]
2025-01-23 16:54:39.071 [info] > git ls-files --stage -- /home/nk/Documents/cryptera/package-lock.json [2ms]
2025-01-23 16:54:39.076 [info] > git cat-file -s dbe1ba6d6da5c656e87330759bc53cd79e3ab85c [1ms]
2025-01-23 16:54:39.088 [info] > git show --textconv :package-lock.json [5ms]
2025-01-23 16:54:57.709 [info] > git config --get commit.template [14ms]
2025-01-23 16:54:57.711 [info] > git for-each-ref --format=%(refname)%00%(upstream:short)%00%(objectname)%00%(upstream:track)%00%(upstream:remotename)%00%(upstream:remoteref) refs/heads/viteTest refs/remotes/viteTest [3ms]
2025-01-23 16:54:57.737 [info] > git status -z -uall [13ms]
2025-01-23 16:54:57.740 [info] > git for-each-ref --sort -committerdate --format %(refname) %(objectname) %(*objectname) [3ms]
2025-01-23 16:54:57.800 [info] > git ls-files --stage -- /home/nk/Documents/cryptera/package-lock.json [4ms]
2025-01-23 16:54:57.815 [info] > git cat-file -s dbe1ba6d6da5c656e87330759bc53cd79e3ab85c [4ms]
2025-01-23 16:54:57.850 [info] > git show --textconv :package-lock.json [20ms]
2025-01-23 16:54:59.489 [info] > git ls-files --stage -- /home/nk/Documents/cryptera/package-lock.json [2ms]
2025-01-23 16:54:59.499 [info] > git cat-file -s dbe1ba6d6da5c656e87330759bc53cd79e3ab85c [3ms]
2025-01-23 16:54:59.527 [info] > git show --textconv :package-lock.json [14ms]
2025-01-23 16:55:02.762 [info] > git config --get commit.template [7ms]
2025-01-23 16:55:02.762 [info] > git for-each-ref --format=%(refname)%00%(upstream:short)%00%(objectname)%00%(upstream:track)%00%(upstream:remotename)%00%(upstream:remoteref) refs/heads/viteTest refs/remotes/viteTest [1ms]
2025-01-23 16:55:02.772 [info] > git status -z -uall [5ms]
2025-01-23 16:55:02.774 [info] > git for-each-ref --sort -committerdate --format %(refname) %(objectname) %(*objectname) [2ms]
