2025-01-23 16:25:30.053 [info] Reading sessions from keychain...
2025-01-23 16:25:30.053 [info] Getting sessions for all scopes...
2025-01-23 16:25:30.053 [info] Getting sessions for all scopes...
2025-01-23 16:25:30.053 [info] Getting sessions for all scopes...
2025-01-23 16:25:30.053 [info] Got 0 sessions for ...
2025-01-23 16:25:30.053 [info] Got 0 sessions for ...
2025-01-23 16:25:30.053 [info] Got 0 sessions for ...
2025-01-23 16:25:30.053 [info] Getting sessions for all scopes...
2025-01-23 16:25:30.053 [info] Got 0 sessions for ...
2025-01-23 16:25:30.053 [info] Getting sessions for all scopes...
2025-01-23 16:25:30.053 [info] Got 0 sessions for ...
2025-01-23 16:25:30.054 [info] Getting sessions for all scopes...
2025-01-23 16:25:30.054 [info] Got 0 sessions for ...
2025-01-23 16:25:30.054 [info] Getting sessions for all scopes...
2025-01-23 16:25:30.054 [info] Got 0 sessions for ...
2025-01-23 16:25:30.054 [info] Getting sessions for all scopes...
2025-01-23 16:25:30.054 [info] Got 0 sessions for ...
2025-01-23 16:25:30.473 [info] Getting sessions for read:user,repo,user:email,workflow...
2025-01-23 16:25:30.473 [info] Got 0 sessions for read:user,repo,user:email,workflow...
2025-01-23 16:25:31.991 [info] Getting sessions for all scopes...
2025-01-23 16:25:31.991 [info] Got 0 sessions for ...
