2025-01-22 21:00:00.550 [warning] Via 'product.json#extensionEnabledApiProposals' extension 'ms-vscode.vscode-selfhost-test-provider' wants API proposal 'attributableCoverage' but that proposal DOES NOT EXIST. Likely, the proposal has been finalized (check 'vscode.d.ts') or was abandoned.
2025-01-22 21:00:00.550 [warning] Via 'product.json#extensionEnabledApiProposals' extension 'ms-python.python' wants API proposal 'contribIssueReporter' but that proposal DOES NOT EXIST. Likely, the proposal has been finalized (check 'vscode.d.ts') or was abandoned.
2025-01-22 21:00:00.551 [warning] Via 'product.json#extensionEnabledApiProposals' extension 'ms-python.debugpy' wants API proposal 'contribIssueReporter' but that proposal DOES NOT EXIST. Likely, the proposal has been finalized (check 'vscode.d.ts') or was abandoned.
2025-01-22 21:00:00.736 [info] Started local extension host with pid 3127.
2025-01-22 21:00:01.129 [info] Settings Sync: Account status changed from uninitialized to unavailable
2025-01-22 21:00:03.396 [info] [perf] Render performance baseline is 22ms
2025-01-22 21:00:06.372 [error] Timed out waiting for authentication provider to register
2025-01-22 21:00:21.952 [error] [network] #8: https://marketplace.visualstudio.com/_apis/public/gallery/extensionquery - error POST Canceled
2025-01-22 21:00:21.952 [error] [network] #6: https://marketplace.visualstudio.com/_apis/public/gallery/extensionquery - error POST Canceled
2025-01-22 21:00:48.921 [error] ENOENT: no such file or directory, open '/home/nk/.config/Code/User/workspaceStorage/efb943bf78d0e89db2431c9ea1465542/redhat.java/jdt_ws/.metadata/.log': Error: ENOENT: no such file or directory, open '/home/nk/.config/Code/User/workspaceStorage/efb943bf78d0e89db2431c9ea1465542/redhat.java/jdt_ws/.metadata/.log'
	at async open (node:internal/fs/promises:641:25)
	at async Object.readFile (node:internal/fs/promises:1258:14)
2025-01-22 21:00:49.977 [error] ENOENT: no such file or directory, open '/home/nk/.config/Code/User/workspaceStorage/efb943bf78d0e89db2431c9ea1465542/redhat.java/jdt_ws/.metadata/.log': Error: ENOENT: no such file or directory, open '/home/nk/.config/Code/User/workspaceStorage/efb943bf78d0e89db2431c9ea1465542/redhat.java/jdt_ws/.metadata/.log'
	at async open (node:internal/fs/promises:641:25)
	at async Object.readFile (node:internal/fs/promises:1258:14)
2025-01-22 21:02:15.015 [warning] Settings pattern "issueReporter.*" doesn't match any settings
2025-01-22 21:03:26.330 [warning] Settings pattern "issueReporter.*" doesn't match any settings
2025-01-22 21:03:55.776 [warning] Settings pattern "issueReporter.*" doesn't match any settings
2025-01-22 21:04:02.850 [warning] Settings pattern "issueReporter.*" doesn't match any settings
2025-01-22 21:04:41.981 [warning] Settings pattern "issueReporter.*" doesn't match any settings
