2025-01-22 21:00:00.697 [info] Added views:outline in workbench.view.explorer
2025-01-22 21:00:00.697 [info] Added views:workbench.view.search in workbench.view.search
2025-01-22 21:00:00.697 [info] Added views:workbench.scm in workbench.view.scm
2025-01-22 21:00:00.697 [info] Added views:workbench.panel.markers.view in workbench.panel.markers
2025-01-22 21:00:00.697 [info] Added views:workbench.panel.output in workbench.panel.output
2025-01-22 21:00:00.697 [info] Added views:terminal in terminal
2025-01-22 21:00:00.697 [info] Added views:timeline in workbench.view.explorer
2025-01-22 21:00:00.697 [info] Added views:workbench.explorer.fileView in workbench.view.explorer
2025-01-22 21:00:00.782 [info] Added views:workbench.debug.variablesView,workbench.debug.watchExpressionsView,workbench.debug.callStackView,workbench.debug.breakPointsView in workbench.view.debug
2025-01-22 21:00:01.031 [info] Added views:~remote.forwardedPorts in ~remote.forwardedPortsContainer
2025-01-22 21:00:01.251 [info] Added views:workbench.panel.repl.view in workbench.panel.repl
2025-01-22 21:00:01.253 [info] Removed views:workbench.debug.breakPointsView,workbench.debug.callStackView,workbench.debug.watchExpressionsView,workbench.debug.variablesView from workbench.view.debug
2025-01-22 21:00:01.253 [info] Added views:workbench.debug.welcome in workbench.view.debug
2025-01-22 21:00:21.387 [info] Added views:workbench.views.extensions.installed,workbench.views.extensions.popular,extensions.recommendedList in workbench.view.extensions
2025-01-22 21:00:21.388 [info] Removed views:workbench.views.extensions.popular from workbench.view.extensions
2025-01-22 21:00:21.511 [info] Added views:workbench.views.extensions.popular in workbench.view.extensions
2025-01-22 21:00:21.947 [info] Removed views:extensions.recommendedList,workbench.views.extensions.popular,workbench.views.extensions.installed from workbench.view.extensions
2025-01-22 21:00:21.951 [info] Added views:workbench.views.extensions.marketplace in workbench.view.extensions
2025-01-22 21:00:46.889 [info] Added views:javaProjectExplorer in workbench.view.explorer
2025-01-22 21:00:52.222 [info] Added views:workbench.view.testing in workbench.view.extension.test
2025-01-22 21:04:50.051 [info] Removed views:workbench.view.testing from workbench.view.extension.test
