2025-01-22 21:04:59.587 [warning] Via 'product.json#extensionEnabledApiProposals' extension 'ms-vscode.vscode-selfhost-test-provider' wants API proposal 'attributableCoverage' but that proposal DOES NOT EXIST. Likely, the proposal has been finalized (check 'vscode.d.ts') or was abandoned.
2025-01-22 21:04:59.587 [warning] Via 'product.json#extensionEnabledApiProposals' extension 'ms-python.python' wants API proposal 'contribIssueReporter' but that proposal DOES NOT EXIST. Likely, the proposal has been finalized (check 'vscode.d.ts') or was abandoned.
2025-01-22 21:04:59.587 [warning] Via 'product.json#extensionEnabledApiProposals' extension 'ms-python.debugpy' wants API proposal 'contribIssueReporter' but that proposal DOES NOT EXIST. Likely, the proposal has been finalized (check 'vscode.d.ts') or was abandoned.
2025-01-22 21:04:59.763 [warning] Settings pattern "issueReporter.*" doesn't match any settings
2025-01-22 21:04:59.812 [info] Started local extension host with pid 4976.
2025-01-22 21:05:00.551 [warning] Settings pattern "issueReporter.*" doesn't match any settings
2025-01-22 21:05:02.044 [info] Settings Sync: Account status changed from uninitialized to unavailable
2025-01-22 21:05:02.519 [warning] Settings pattern "issueReporter.*" doesn't match any settings
2025-01-22 21:05:02.633 [warning] Settings pattern "issueReporter.*" doesn't match any settings
2025-01-22 21:05:04.463 [info] [perf] Render performance baseline is 30ms
2025-01-22 21:05:04.935 [warning] Settings pattern "issueReporter.*" doesn't match any settings
2025-01-22 21:05:05.270 [error] Timed out waiting for authentication provider to register
2025-01-22 21:05:06.796 [warning] Settings pattern "issueReporter.*" doesn't match any settings
2025-01-22 21:05:08.036 [warning] Settings pattern "issueReporter.*" doesn't match any settings
2025-01-22 21:05:10.621 [warning] Settings pattern "issueReporter.*" doesn't match any settings
2025-01-22 21:05:16.348 [warning] Settings pattern "issueReporter.*" doesn't match any settings
2025-01-22 21:05:53.468 [warning] Settings pattern "issueReporter.*" doesn't match any settings
2025-01-22 21:20:52.524 [error] ENOENT: no such file or directory, lstat '/home/nk/Documents/LaptopClient.java': Error: ENOENT: no such file or directory, lstat '/home/nk/Documents/LaptopClient.java'
2025-01-22 21:21:55.286 [error] ENOENT: no such file or directory, lstat '/home/nk/Documents/LaptopClient.java': Error: ENOENT: no such file or directory, lstat '/home/nk/Documents/LaptopClient.java'
2025-01-22 21:22:02.603 [error] ENOENT: no such file or directory, lstat '/home/nk/Documents/ChatClient.java': Error: ENOENT: no such file or directory, lstat '/home/nk/Documents/ChatClient.java'
2025-01-22 21:22:33.913 [error] ENOENT: no such file or directory, lstat '/home/nk/Documents/LaptopClient.java': Error: ENOENT: no such file or directory, lstat '/home/nk/Documents/LaptopClient.java'
2025-01-22 21:22:39.523 [error] ENOENT: no such file or directory, lstat '/home/nk/Documents/ChatClient.java': Error: ENOENT: no such file or directory, lstat '/home/nk/Documents/ChatClient.java'
2025-01-22 21:24:01.443 [error] ENOENT: no such file or directory, lstat '/home/nk/Documents/LaptopClient.java': Error: ENOENT: no such file or directory, lstat '/home/nk/Documents/LaptopClient.java'
2025-01-22 21:24:52.946 [warning] Settings pattern "issueReporter.*" doesn't match any settings
2025-01-22 21:24:53.145 [error] Method not found: toJSON: CodeExpectedError: Method not found: toJSON
    at Object.call (file:///opt/visual-studio-code/resources/app/out/main.js:36:4634)
    at uf.s (file:///opt/visual-studio-code/resources/app/out/main.js:34:19716)
    at uf.q (file:///opt/visual-studio-code/resources/app/out/main.js:34:19239)
    at zo.value (file:///opt/visual-studio-code/resources/app/out/main.js:34:18641)
    at A.B (file:///opt/visual-studio-code/resources/app/out/main.js:33:746)
    at A.C (file:///opt/visual-studio-code/resources/app/out/main.js:33:816)
    at A.fire (file:///opt/visual-studio-code/resources/app/out/main.js:33:1033)
    at zo.value (file:///opt/visual-studio-code/resources/app/out/main.js:28:4913)
    at A.B (file:///opt/visual-studio-code/resources/app/out/main.js:33:746)
    at A.fire (file:///opt/visual-studio-code/resources/app/out/main.js:33:964)
    at zo.value (file:///opt/visual-studio-code/resources/app/out/main.js:28:5101)
    at A.B (file:///opt/visual-studio-code/resources/app/out/main.js:33:746)
    at A.fire (file:///opt/visual-studio-code/resources/app/out/main.js:33:964)
    at U (file:///opt/visual-studio-code/resources/app/out/main.js:28:7388)
    at IpcMainImpl.i (file:///opt/visual-studio-code/resources/app/out/main.js:36:21224)
    at IpcMainImpl.emit (node:events:518:28)
    at WebContents.<anonymous> (node:electron/js2c/browser_init:2:85782)
    at WebContents.emit (node:events:518:28)
2025-01-22 21:25:03.314 [warning] [backup tracker] suspended, ignoring unregister event file:///home/nk/Documents/ClientEndpoint.java 
