2025-01-24 12:31:28.520 [info] Getting Manifest... ms-python.python
2025-01-24 12:31:29.772 [info] Installing extension: ms-python.python {"isMachineScoped":false,"profileLocation":{"$mid":1,"external":"vscode-userdata:/home/nk/.vscode/extensions/extensions.json","path":"/home/nk/.vscode/extensions/extensions.json","scheme":"vscode-userdata"},"installOnlyNewlyAddedFromExtensionPack":true,"isApplicationScoped":false,"productVersion":{"version":"1.96.4","date":"2025-01-16T00:16:19.038Z"}}
2025-01-24 12:31:33.250 [info] Getting Manifest... ms-python.vscode-pylance
2025-01-24 12:31:33.609 [info] Getting Manifest... ms-python.debugpy
2025-01-24 12:31:34.142 [info] Installing extension: ms-python.vscode-pylance {"isMachineScoped":false,"profileLocation":{"$mid":1,"external":"vscode-userdata:/home/nk/.vscode/extensions/extensions.json","path":"/home/nk/.vscode/extensions/extensions.json","scheme":"vscode-userdata"},"installOnlyNewlyAddedFromExtensionPack":true,"isApplicationScoped":false,"productVersion":{"version":"1.96.4","date":"2025-01-16T00:16:19.038Z"},"context":{"dependecyOrPackExtensionInstall":true}}
2025-01-24 12:31:34.143 [info] Installing extension: ms-python.debugpy {"isMachineScoped":false,"profileLocation":{"$mid":1,"external":"vscode-userdata:/home/nk/.vscode/extensions/extensions.json","path":"/home/nk/.vscode/extensions/extensions.json","scheme":"vscode-userdata"},"installOnlyNewlyAddedFromExtensionPack":true,"isApplicationScoped":false,"productVersion":{"version":"1.96.4","date":"2025-01-16T00:16:19.038Z"},"context":{"dependecyOrPackExtensionInstall":true}}
2025-01-24 12:33:23.080 [info] Extension signature verification result for ms-python.debugpy: UnknownError. Executed: true. Duration: 14ms.
2025-01-24 12:33:23.348 [info] Extracted extension to file:///home/nk/.vscode/extensions/ms-python.debugpy-2024.14.0-linux-x64: ms-python.debugpy
2025-01-24 12:33:23.360 [info] Renamed to /home/nk/.vscode/extensions/ms-python.debugpy-2024.14.0-linux-x64
2025-01-24 12:33:23.442 [error] [uncaught exception in sharedProcess]: Error: ENOENT: no such file or directory, stat '/home/nk/.vscode/extensions/extensions.json.vsctmp': EntryNotFound (FileSystemError): Error: ENOENT: no such file or directory, stat '/home/nk/.vscode/extensions/extensions.json.vsctmp'
    at Gm.create (file:///opt/visual-studio-code/resources/app/out/vs/code/electron-utility/sharedProcess/sharedProcessMain.js:35:39624)
    at xs (file:///opt/visual-studio-code/resources/app/out/vs/code/electron-utility/sharedProcess/sharedProcessMain.js:35:39731)
    at Vr.ib (file:///opt/visual-studio-code/resources/app/out/vs/code/electron-utility/sharedProcess/sharedProcessMain.js:78:22778)
    at Vr.stat (file:///opt/visual-studio-code/resources/app/out/vs/code/electron-utility/sharedProcess/sharedProcessMain.js:78:16010)
    at async wh.stat (file:///opt/visual-studio-code/resources/app/out/vs/code/electron-utility/sharedProcess/sharedProcessMain.js:77:85488)
    at async fh.Ab (file:///opt/visual-studio-code/resources/app/out/vs/code/electron-utility/sharedProcess/sharedProcessMain.js:77:67180)
2025-01-24 12:33:27.145 [info] Extension signature verification result for ms-python.python: UnknownError. Executed: true. Duration: 5ms.
2025-01-24 12:33:27.737 [info] Extracted extension to file:///home/nk/.vscode/extensions/ms-python.python-2024.22.2-linux-x64: ms-python.python
2025-01-24 12:33:27.780 [info] Renamed to /home/nk/.vscode/extensions/ms-python.python-2024.22.2-linux-x64
2025-01-24 12:33:27.862 [error] [uncaught exception in sharedProcess]: Error: ENOENT: no such file or directory, stat '/home/nk/.vscode/extensions/extensions.json.vsctmp': EntryNotFound (FileSystemError): Error: ENOENT: no such file or directory, stat '/home/nk/.vscode/extensions/extensions.json.vsctmp'
    at Gm.create (file:///opt/visual-studio-code/resources/app/out/vs/code/electron-utility/sharedProcess/sharedProcessMain.js:35:39624)
    at xs (file:///opt/visual-studio-code/resources/app/out/vs/code/electron-utility/sharedProcess/sharedProcessMain.js:35:39731)
    at Vr.ib (file:///opt/visual-studio-code/resources/app/out/vs/code/electron-utility/sharedProcess/sharedProcessMain.js:78:22778)
    at Vr.stat (file:///opt/visual-studio-code/resources/app/out/vs/code/electron-utility/sharedProcess/sharedProcessMain.js:78:16010)
    at async wh.stat (file:///opt/visual-studio-code/resources/app/out/vs/code/electron-utility/sharedProcess/sharedProcessMain.js:77:85488)
    at async fh.Ab (file:///opt/visual-studio-code/resources/app/out/vs/code/electron-utility/sharedProcess/sharedProcessMain.js:77:67180)
2025-01-24 12:33:35.206 [info] Extension signature verification result for ms-python.vscode-pylance: UnknownError. Executed: true. Duration: 6ms.
2025-01-24 12:33:36.784 [info] Extracted extension to file:///home/nk/.vscode/extensions/ms-python.vscode-pylance-2024.12.1: ms-python.vscode-pylance
2025-01-24 12:33:36.918 [info] Renamed to /home/nk/.vscode/extensions/ms-python.vscode-pylance-2024.12.1
2025-01-24 12:33:36.938 [info] Extension installed successfully: ms-python.debugpy vscode-userdata:/home/nk/.vscode/extensions/extensions.json
2025-01-24 12:33:36.938 [info] Extension installed successfully: ms-python.python vscode-userdata:/home/nk/.vscode/extensions/extensions.json
2025-01-24 12:33:36.938 [info] Extension installed successfully: ms-python.vscode-pylance vscode-userdata:/home/nk/.vscode/extensions/extensions.json
2025-01-24 12:33:37.003 [error] [uncaught exception in sharedProcess]: Error: ENOENT: no such file or directory, stat '/home/nk/.vscode/extensions/extensions.json.vsctmp': EntryNotFound (FileSystemError): Error: ENOENT: no such file or directory, stat '/home/nk/.vscode/extensions/extensions.json.vsctmp'
    at Gm.create (file:///opt/visual-studio-code/resources/app/out/vs/code/electron-utility/sharedProcess/sharedProcessMain.js:35:39624)
    at xs (file:///opt/visual-studio-code/resources/app/out/vs/code/electron-utility/sharedProcess/sharedProcessMain.js:35:39731)
    at Vr.ib (file:///opt/visual-studio-code/resources/app/out/vs/code/electron-utility/sharedProcess/sharedProcessMain.js:78:22778)
    at Vr.stat (file:///opt/visual-studio-code/resources/app/out/vs/code/electron-utility/sharedProcess/sharedProcessMain.js:78:16010)
    at async wh.stat (file:///opt/visual-studio-code/resources/app/out/vs/code/electron-utility/sharedProcess/sharedProcessMain.js:77:85488)
    at async fh.Ab (file:///opt/visual-studio-code/resources/app/out/vs/code/electron-utility/sharedProcess/sharedProcessMain.js:77:67180)
